<?xml version="1.0" encoding="UTF-8"?>
<!-- Generated by org.testng.reporters.JUnitReportReporter -->
<testsuite hostname="DESKTOP-M9G8GLA" failures="0" tests="7" name="org.crm.vtiger.evs.beta.tsLayer.TestCases" time="122.931" errors="0" timestamp="2022-08-24T11:13:10 IST" skipped="0">
  <testcase classname="org.crm.vtiger.evs.beta.tsLayer.TestCases" name="tsAccount" time="24.719"/>
  <system-out/>
  <testcase classname="org.crm.vtiger.evs.beta.tsLayer.TestCases" name="tsAccount" time="13.761"/>
  <system-out/>
  <testcase classname="org.crm.vtiger.evs.beta.tsLayer.TestCases" name="tsHomePageAboutUs" time="9.574"/>
  <system-out/>
  <testcase classname="org.crm.vtiger.evs.beta.tsLayer.TestCases" name="tsHomePageAboutUs" time="11.283"/>
  <system-out/>
  <testcase classname="org.crm.vtiger.evs.beta.tsLayer.TestCases" name="tsMarketingCampaignCreation" time="13.764"/>
  <system-out/>
  <testcase classname="org.crm.vtiger.evs.beta.tsLayer.TestCases" name="tsInvoiceCreation" time="24.802"/>
  <system-out/>
  <testcase classname="org.crm.vtiger.evs.beta.tsLayer.TestCases" name="tsInvoiceCreation" time="25.028"/>
  <system-out/>
</testsuite> <!-- org.crm.vtiger.evs.beta.tsLayer.TestCases -->
